Building DAG of jobs...
Using shell: /usr/bin/bash
Provided cores: 15
Rules claiming more threads will be scaled down.
Job stats:
job                     count
--------------------  -------
all                         1
deseq2                      1
deseq_plot                  1
generate_sample_list        1
prepDE_py3                  1
total                       5

Select jobs to execute...

[Sun Sep 14 19:43:51 2025]
rule generate_sample_list:
    input: data/RNAPROJ/config.yaml, data/RNAPROJ/expression/SRR4032349.transcripts.gtf, data/RNAPROJ/expression/SRR4032346.transcripts.gtf, data/RNAPROJ/expression/SRR4032348.transcripts.gtf, data/RNAPROJ/expression/SRR4032347.transcripts.gtf
    output: data/RNAPROJ/expression/sample_list.txt
    jobid: 34
    reason: Updated input files: data/RNAPROJ/config.yaml
    resources: tmpdir=/tmp

[Sun Sep 14 19:43:52 2025]
Finished job 34.
1 of 5 steps (20%) done
Select jobs to execute...

[Sun Sep 14 19:43:52 2025]
rule prepDE_py3:
    input: data/RNAPROJ/expression/sample_list.txt
    output: data/RNAPROJ/DEG/gene_count_matrix.csv, data/RNAPROJ/DEG/transcript_count_matrix.csv
    jobid: 35
    reason: Input files updated by another job: data/RNAPROJ/expression/sample_list.txt
    resources: tmpdir=/tmp

[Sun Sep 14 19:44:04 2025]
Finished job 35.
2 of 5 steps (40%) done
Select jobs to execute...

[Sun Sep 14 19:44:04 2025]
rule deseq2:
    input: data/RNAPROJ/DEG/gene_count_matrix.csv, data/RNAPROJ/config.yaml
    output: data/RNAPROJ/DEG/DEG_result.csv
    jobid: 36
    reason: Input files updated by another job: data/RNAPROJ/DEG/gene_count_matrix.csv
    resources: tmpdir=/tmp

[Sun Sep 14 19:44:18 2025]
Finished job 36.
3 of 5 steps (60%) done
Select jobs to execute...

[Sun Sep 14 19:44:18 2025]
rule deseq_plot:
    input: data/RNAPROJ/logs/hisat2_summary.log, data/RNAPROJ/DEG/DEG_result.csv
    output: data/RNAPROJ/DEG/UP_genes_name.csv, data/RNAPROJ/DEG/DOWN_genes_name.csv, data/RNAPROJ/picture/DOX/sample_PCA.pdf
    jobid: 37
    reason: Input files updated by another job: data/RNAPROJ/DEG/DEG_result.csv
    resources: tmpdir=/tmp

[Sun Sep 14 19:44:22 2025]
Finished job 37.
4 of 5 steps (80%) done
Select jobs to execute...

[Sun Sep 14 19:44:22 2025]
localrule all:
    input: data/RNAPROJ/QCfile/SRR4032349_1_val_1.fq.gz, data/RNAPROJ/QCfile/SRR4032346_1_val_1.fq.gz, data/RNAPROJ/QCfile/SRR4032348_1_val_1.fq.gz, data/RNAPROJ/QCfile/SRR4032347_1_val_1.fq.gz, data/RNAPROJ/logs/hisat2_summary.log, data/RNAPROJ/mapping/SRR4032349_filtered.sam, data/RNAPROJ/mapping/SRR4032346_filtered.sam, data/RNAPROJ/mapping/SRR4032348_filtered.sam, data/RNAPROJ/mapping/SRR4032347_filtered.sam, data/RNAPROJ/mapping/SRR4032349_sorted.bam, data/RNAPROJ/mapping/SRR4032346_sorted.bam, data/RNAPROJ/mapping/SRR4032348_sorted.bam, data/RNAPROJ/mapping/SRR4032347_sorted.bam, data/RNAPROJ/mapping/SRR4032349_sorted.bam.bai, data/RNAPROJ/mapping/SRR4032346_sorted.bam.bai, data/RNAPROJ/mapping/SRR4032348_sorted.bam.bai, data/RNAPROJ/mapping/SRR4032347_sorted.bam.bai, data/RNAPROJ/mapping/SRR4032349.dedup.bam, data/RNAPROJ/mapping/SRR4032346.dedup.bam, data/RNAPROJ/mapping/SRR4032348.dedup.bam, data/RNAPROJ/mapping/SRR4032347.dedup.bam, data/RNAPROJ/mapping/SRR4032349.dedup.bam.bai, data/RNAPROJ/mapping/SRR4032346.dedup.bam.bai, data/RNAPROJ/mapping/SRR4032348.dedup.bam.bai, data/RNAPROJ/mapping/SRR4032347.dedup.bam.bai, data/RNAPROJ/expression/SRR4032349.transcripts.gtf, data/RNAPROJ/expression/SRR4032346.transcripts.gtf, data/RNAPROJ/expression/SRR4032348.transcripts.gtf, data/RNAPROJ/expression/SRR4032347.transcripts.gtf, data/RNAPROJ/expression/sample_list.txt, data/RNAPROJ/DEG/gene_count_matrix.csv, data/RNAPROJ/DEG/transcript_count_matrix.csv, data/RNAPROJ/DEG/DEG_result.csv, data/RNAPROJ/DEG/UP_genes_name.csv, data/RNAPROJ/DEG/DOWN_genes_name.csv, data/RNAPROJ/picture/DOX/sample_PCA.pdf
    jobid: 0
    reason: Input files updated by another job: data/RNAPROJ/DEG/UP_genes_name.csv, data/RNAPROJ/DEG/DOWN_genes_name.csv, data/RNAPROJ/DEG/gene_count_matrix.csv, data/RNAPROJ/DEG/transcript_count_matrix.csv, data/RNAPROJ/DEG/DEG_result.csv, data/RNAPROJ/expression/sample_list.txt, data/RNAPROJ/picture/DOX/sample_PCA.pdf
    resources: tmpdir=/tmp

[Sun Sep 14 19:44:22 2025]
Finished job 0.
5 of 5 steps (100%) done
Complete log: .snakemake/log/2025-09-14T194351.288172.snakemake.log
