Config file data/CHIPPROJ/config.yaml is extended by additional config specified via the command line.
Building DAG of jobs...
Using shell: /usr/bin/bash
Provided cores: 15
Rules claiming more threads will be scaled down.
Job stats:
job                    count
-------------------  -------
all                        1
annoChIPPeaks              1
generate_bambw_list        1
run_peakcalling            1
total                      4

Select jobs to execute...

[Sun Sep 14 22:47:49 2025]
rule generate_bambw_list:
    input: data/CHIPPROJ/config.yaml, data/CHIPPROJ/bam_bwfile/SRR5297329.bw, data/CHIPPROJ/bam_bwfile/SRR5297330.bw, data/CHIPPROJ/bam_bwfile/SRR5297331.bw, data/CHIPPROJ/bam_bwfile/SRR5297328.bw, data/CHIPPROJ/bam_bwfile/SRR5297327.bw, data/CHIPPROJ/bam_bwfile/SRR5297329_sorted.unique.bam, data/CHIPPROJ/bam_bwfile/SRR5297330_sorted.unique.bam, data/CHIPPROJ/bam_bwfile/SRR5297331_sorted.unique.bam, data/CHIPPROJ/bam_bwfile/SRR5297328_sorted.unique.bam, data/CHIPPROJ/bam_bwfile/SRR5297327_sorted.unique.bam
    output: data/CHIPPROJ/bam_bwfile/bambw_list.yaml
    jobid: 32
    reason: Updated input files: data/CHIPPROJ/config.yaml
    resources: tmpdir=/tmp

[Sun Sep 14 22:47:50 2025]
Finished job 32.
1 of 4 steps (25%) done
Select jobs to execute...

[Sun Sep 14 22:47:50 2025]
rule run_peakcalling:
    input: data/CHIPPROJ/bam_bwfile/bambw_list.yaml, data/CHIPPROJ/bam_bwfile/SRR5297329_sorted.unique.bam, data/CHIPPROJ/bam_bwfile/SRR5297330_sorted.unique.bam, data/CHIPPROJ/bam_bwfile/SRR5297331_sorted.unique.bam, data/CHIPPROJ/bam_bwfile/SRR5297328_sorted.unique.bam, data/CHIPPROJ/bam_bwfile/SRR5297327_sorted.unique.bam, data/CHIPPROJ/bam_bwfile/SRR5297329.bw, data/CHIPPROJ/bam_bwfile/SRR5297330.bw, data/CHIPPROJ/bam_bwfile/SRR5297331.bw, data/CHIPPROJ/bam_bwfile/SRR5297328.bw, data/CHIPPROJ/bam_bwfile/SRR5297327.bw
    output: data/CHIPPROJ/Macs2/mESC_18h_DOX/mESC_18h_DOX_matrix_values.tab, data/CHIPPROJ/Macs2/mESC_12h_DOX/mESC_12h_DOX_matrix_values.tab
    jobid: 33
    reason: Missing output files: data/CHIPPROJ/Macs2/mESC_12h_DOX/mESC_12h_DOX_matrix_values.tab, data/CHIPPROJ/Macs2/mESC_18h_DOX/mESC_18h_DOX_matrix_values.tab; Input files updated by another job: data/CHIPPROJ/bam_bwfile/bambw_list.yaml
    resources: tmpdir=/tmp


[Sun Sep 14 22:47:50 2025]
rule annoChIPPeaks:
    input: data/CHIPPROJ/bam_bwfile/bambw_list.yaml
    output: data/CHIPPROJ/annotations/mESC_18h_DOX/promoter_peaks.csv, data/CHIPPROJ/annotations/mESC_12h_DOX/promoter_peaks.csv
    jobid: 34
    reason: Missing output files: data/CHIPPROJ/annotations/mESC_18h_DOX/promoter_peaks.csv, data/CHIPPROJ/annotations/mESC_12h_DOX/promoter_peaks.csv; Input files updated by another job: data/CHIPPROJ/bam_bwfile/bambw_list.yaml
    resources: tmpdir=/tmp

[Sun Sep 14 22:48:04 2025]
Error in rule annoChIPPeaks:
    jobid: 34
    input: data/CHIPPROJ/bam_bwfile/bambw_list.yaml
    output: data/CHIPPROJ/annotations/mESC_18h_DOX/promoter_peaks.csv, data/CHIPPROJ/annotations/mESC_12h_DOX/promoter_peaks.csv
    shell:
        
        Rscript data/CHIPPROJ/scripts/annoChIPPeaks.R             --directory data/CHIPPROJ             --yaml data/CHIPPROJ/bam_bwfile/bambw_list.yaml             --output data/CHIPPROJ/annotations             --pdf data/CHIPPROJ/pdf_plots 
        
        (one of the commands exited with non-zero exit code; note that snakemake uses bash strict mode!)

