Building DAG of jobs...
Using shell: /usr/bin/bash
Provided cores: 5
Rules claiming more threads will be scaled down.
Job stats:
job                               count
------------------------------  -------
Motif_tf_Promoter                     1
Network_construction                  1
TF_motif_plot_down                    1
TF_motif_plot_up                      1
all                                   1
extr_down_gene_enriched_motifs        1
extr_up_gene_enriched_motifs          1
promoter_plot                         1
total                                 8

Select jobs to execute...

[Mon Sep 22 15:42:17 2025]
rule promoter_plot:
    input: data/INTEGRATEDPROJ/script/Promoter/config.yaml, data/CHIPPROJ/Macs2/group_matrix.txt
    output: data/INTEGRATEDPROJ/Promoter/mESC_18h_DOX_all_peaks.bed, data/INTEGRATEDPROJ/Promoter/mESC_12h_DOX_all_peaks.bed, data/INTEGRATEDPROJ/Promoter/mESC_18h_DOX_down_peaks.bed, data/INTEGRATEDPROJ/Promoter/mESC_12h_DOX_down_peaks.bed, data/INTEGRATEDPROJ/Promoter/mESC_18h_DOX_up_peaks.bed, data/INTEGRATEDPROJ/Promoter/mESC_12h_DOX_up_peaks.bed, data/INTEGRATEDPROJ/Promoter/RNA_ChIP_col_plot_same_direction.pdf, data/INTEGRATEDPROJ/Promoter/common_genes_volcano_plot.pdf, data/INTEGRATEDPROJ/Promoter/common_up_genes_venn_diagram.pdf, data/INTEGRATEDPROJ/Promoter/common_down_genes_venn_diagram.pdf, data/INTEGRATEDPROJ/Promoter/GO_enrich_common_gene.csv, data/INTEGRATEDPROJ/Promoter/KEGG_GSEA_common_gene.csv, data/INTEGRATEDPROJ/Promoter/KEGG_GSEA_Top10_Multipage.pdf
    jobid: 1
    reason: Missing output files: data/INTEGRATEDPROJ/Promoter/KEGG_GSEA_common_gene.csv, data/INTEGRATEDPROJ/Promoter/mESC_12h_DOX_down_peaks.bed, data/INTEGRATEDPROJ/Promoter/mESC_18h_DOX_down_peaks.bed, data/INTEGRATEDPROJ/Promoter/mESC_18h_DOX_up_peaks.bed, data/INTEGRATEDPROJ/Promoter/mESC_18h_DOX_all_peaks.bed, data/INTEGRATEDPROJ/Promoter/mESC_12h_DOX_up_peaks.bed, data/INTEGRATEDPROJ/Promoter/mESC_12h_DOX_all_peaks.bed, data/INTEGRATEDPROJ/Promoter/GO_enrich_common_gene.csv
    resources: tmpdir=/tmp

[Mon Sep 22 15:43:57 2025]
Error in rule promoter_plot:
    jobid: 1
    input: data/INTEGRATEDPROJ/script/Promoter/config.yaml, data/CHIPPROJ/Macs2/group_matrix.txt
    output: data/INTEGRATEDPROJ/Promoter/mESC_18h_DOX_all_peaks.bed, data/INTEGRATEDPROJ/Promoter/mESC_12h_DOX_all_peaks.bed, data/INTEGRATEDPROJ/Promoter/mESC_18h_DOX_down_peaks.bed, data/INTEGRATEDPROJ/Promoter/mESC_12h_DOX_down_peaks.bed, data/INTEGRATEDPROJ/Promoter/mESC_18h_DOX_up_peaks.bed, data/INTEGRATEDPROJ/Promoter/mESC_12h_DOX_up_peaks.bed, data/INTEGRATEDPROJ/Promoter/RNA_ChIP_col_plot_same_direction.pdf, data/INTEGRATEDPROJ/Promoter/common_genes_volcano_plot.pdf, data/INTEGRATEDPROJ/Promoter/common_up_genes_venn_diagram.pdf, data/INTEGRATEDPROJ/Promoter/common_down_genes_venn_diagram.pdf, data/INTEGRATEDPROJ/Promoter/GO_enrich_common_gene.csv, data/INTEGRATEDPROJ/Promoter/KEGG_GSEA_common_gene.csv, data/INTEGRATEDPROJ/Promoter/KEGG_GSEA_Top10_Multipage.pdf
    shell:
        
        Rscript data/INTEGRATEDPROJ/script/Promoter/Promoter_plot.R             --RNAseq data/RNAPROJ/DEG/DEG_result.csv             --ChIPseq data/CHIPPROJ/annotations             --matrix data/CHIPPROJ/Macs2/group_matrix.txt             --yaml data/INTEGRATEDPROJ/script/Promoter/config.yaml             --output data/INTEGRATEDPROJ/Promoter             --picture data/INTEGRATEDPROJ/Promoter
        
        (one of the commands exited with non-zero exit code; note that snakemake uses bash strict mode!)

Shutting down, this might take some time.
Exiting because a job execution failed. Look above for error message
Complete log: .snakemake/log/2025-09-22T154215.313246.snakemake.log
