Building DAG of jobs...
Using shell: /usr/bin/bash
Provided cores: 1 (use --cores to define parallelism)
Rules claiming more threads will be scaled down.
Job stats:
job                     count
--------------------  -------
Network_construction        1
all                         1
total                       2

Select jobs to execute...

[Mon Sep 22 14:54:17 2025]
rule Network_construction:
    input: data/INTEGRATEDPROJ/Promoter/GO_enrich_common_gene.csv
    output: data/INTEGRATEDPROJ/Promoter/GO_network.graphml
    jobid: 7
    reason: Missing output files: data/INTEGRATEDPROJ/Promoter/GO_network.graphml
    resources: tmpdir=/tmp

[Mon Sep 22 14:54:40 2025]
Finished job 7.
1 of 2 steps (50%) done
Select jobs to execute...

[Mon Sep 22 14:54:40 2025]
localrule all:
    input: data/INTEGRATEDPROJ/Promoter/mESC_18h_DOX_all_peaks.bed, data/INTEGRATEDPROJ/Promoter/mESC_12h_DOX_all_peaks.bed, data/INTEGRATEDPROJ/Promoter/mESC_18h_DOX_down_peaks.bed, data/INTEGRATEDPROJ/Promoter/mESC_12h_DOX_down_peaks.bed, data/INTEGRATEDPROJ/Promoter/mESC_18h_DOX_up_peaks.bed, data/INTEGRATEDPROJ/Promoter/mESC_12h_DOX_up_peaks.bed, data/INTEGRATEDPROJ/Promoter/GO_enrich_common_gene.csv, data/INTEGRATEDPROJ/Promoter/KEGG_GSEA_common_gene.csv, data/INTEGRATEDPROJ/Promoter/Promoter_both_up_genes_plotProfile.pdf, data/INTEGRATEDPROJ/Promoter/Promoter_both_down_genes_plotProfile.pdf, data/INTEGRATEDPROJ/Promoter/Motif_result_up_list.txt, data/INTEGRATEDPROJ/Promoter/Motif_result_down_list.txt, data/INTEGRATEDPROJ/Promoter/TF_up_gene_heatmap.pdf, data/INTEGRATEDPROJ/Promoter/TF_down_gene_heatmap.pdf, data/INTEGRATEDPROJ/Promoter/GO_network.graphml
    jobid: 0
    reason: Input files updated by another job: data/INTEGRATEDPROJ/Promoter/GO_network.graphml
    resources: tmpdir=/tmp

[Mon Sep 22 14:54:40 2025]
Finished job 0.
2 of 2 steps (100%) done
Complete log: .snakemake/log/2025-09-22T145417.026736.snakemake.log
